#
# A fatal error has been detected by the Java Runtime Environment:
#
#  EXCEPTION_ACCESS_VIOLATION (0xc0000005) at pc=0x00007fff9ae8a267, pid=1736, tid=0x0000000000000df8
#
# JRE version: Java(TM) SE Runtime Environment (8.0_172-b11) (build 1.8.0_172-b11)
# Java VM: Java HotSpot(TM) 64-Bit Server VM (25.172-b11 mixed mode windows-amd64 compressed oops)
# Problematic frame:
# C  [ig9icd64.dll+0x1a267]
#
# Failed to write core dump. Minidumps are not enabled by default on client versions of Windows
#
# If you would like to submit a bug report, please visit:
#   http://bugreport.java.com/bugreport/crash.jsp
# The crash happened outside the Java Virtual Machine in native code.
# See problematic frame for where to report the bug.
#

---------------  T H R E A D  ---------------

Current thread (0x00000000197ba000):  JavaThread "LWJGL Application" [_thread_in_native, id=3576, stack(0x000000001b030000,0x000000001b130000)]

siginfo: ExceptionCode=0xc0000005, writing address 0x00000000203bd040

Registers:
RAX=0x00000000231dc000, RBX=0x000000001b12e3e0, RCX=0x00000000203bd080, RDX=0x000000001b12e420
RSP=0x000000001b12d4a0, RBP=0x0000000000000000, RSI=0x000000001c3f0080, RDI=0x0000000000000000
R8 =0x0000000000000040, R9 =0x00007fff9ae70000, R10=0x00000000231dc000, R11=0x000000001b12db40
R12=0x0000000000000000, R13=0x000000001b12e470, R14=0x0000000813910930, R15=0x000000000000015b
RIP=0x00007fff9ae8a267, EFLAGS=0x0000000000010202

Top of Stack: (sp=0x000000001b12d4a0)
0x000000001b12d4a0:   0d0e050212220906 0f17050210f50903
0x000000001b12d4b0:   0b09050212fd091d 0d0f05020f1a0901
0x000000001b12d4c0:   0d070502111b0906 00007fff9b084103
0x000000001b12d4d0:   0c00050212de091d 0d110502100b0901
0x000000001b12d4e0:   0d0d0502121c0906 0f16050210f20903
0x000000001b12d4f0:   0b09050212f6091d 0d10050210050901
0x000000001b12d500:   0d0b0502120c0906 0f13050210e70903
0x000000001b12d510:   000000001c3f0080 000000001b12e3e0
0x000000001b12d520:   000000001c3f0080 00007fff9b0841fc
0x000000001b12d530:   0000000813917500 000000001b12d630
0x000000001b12d540:   000000001b12de80 0f04050210140903
0x000000001b12d550:   0000000000000000 000000001b12e3e0
0x000000001b12d560:   000000001b12db50 0f14050210ef0903
0x000000001b12d570:   0b09050212f1091d 0d10050210020901
0x000000001b12d580:   0d0b050212060906 0f12050210e60903
0x000000001b12d590:   0d05050212e4091d 0d150502100f0901 

Instructions: (pc=0x00007fff9ae8a267)
0x00007fff9ae8a247:   83 f8 0f 0f 87 99 03 00 00 4c 8d 0d a9 5d fe ff
0x00007fff9ae8a257:   41 8b 84 81 10 a6 01 00 49 03 c1 ff e0 8b 42 c0
0x00007fff9ae8a267:   89 41 c0 8b 42 c4 89 41 c4 8b 42 c8 89 41 c8 8b
0x00007fff9ae8a277:   42 cc 89 41 cc 8b 42 d0 89 41 d0 8b 42 d4 89 41 


Register to memory mapping:

RAX=0x00000000231dc000 is an unknown value
RBX=0x000000001b12e3e0 is pointing into the stack for thread: 0x00000000197ba000
RCX=0x00000000203bd080 is an unknown value
RDX=0x000000001b12e420 is pointing into the stack for thread: 0x00000000197ba000
RSP=0x000000001b12d4a0 is pointing into the stack for thread: 0x00000000197ba000
RBP=0x0000000000000000 is an unknown value
RSI=0x000000001c3f0080 is an unknown value
RDI=0x0000000000000000 is an unknown value
R8 =0x0000000000000040 is an unknown value
R9 =0x00007fff9ae70000 is an unknown value
R10=0x00000000231dc000 is an unknown value
R11=0x000000001b12db40 is pointing into the stack for thread: 0x00000000197ba000
R12=0x0000000000000000 is an unknown value
R13=0x000000001b12e470 is pointing into the stack for thread: 0x00000000197ba000
R14=0x0000000813910930 is an unknown value
R15=0x000000000000015b is an unknown value


Stack: [0x000000001b030000,0x000000001b130000],  sp=0x000000001b12d4a0,  free space=1013k
Native frames: (J=compiled Java code, j=interpreted, Vv=VM code, C=native code)

Java frames: (J=compiled Java code, j=interpreted, Vv=VM code)
J 608  org.lwjgl.opengl.GL11.nglTexImage2D(IIIIIIIIJJ)V (0 bytes) @ 0x00000000036b0285 [0x00000000036b0200+0x85]
J 754 C2 com.badlogic.gdx.graphics.Texture.<init>(Lcom/badlogic/gdx/graphics/TextureData;)V (37 bytes) @ 0x000000000373c280 [0x000000000373bce0+0x5a0]
J 797 C2 com.group11.othello.States.MenuState.handleInput()V (1272 bytes) @ 0x0000000003780400 [0x000000000377dc00+0x2800]
J 799 C2 com.group11.othello.Game.Othello.render()V (50 bytes) @ 0x000000000375e688 [0x000000000375e480+0x208]
j  com.badlogic.gdx.backends.lwjgl.LwjglApplication.mainLoop()V+684
j  com.badlogic.gdx.backends.lwjgl.LwjglApplication$1.run()V+27
v  ~StubRoutines::call_stub

---------------  P R O C E S S  ---------------

Java Threads: ( => current thread )
  0x000000001aa6b000 JavaThread "LWJGL Timer" daemon [_thread_blocked, id=9572, stack(0x0000000020dd0000,0x0000000020ed0000)]
  0x0000000003304000 JavaThread "DestroyJavaVM" [_thread_blocked, id=2156, stack(0x0000000002f60000,0x0000000003060000)]
=>0x00000000197ba000 JavaThread "LWJGL Application" [_thread_in_native, id=3576, stack(0x000000001b030000,0x000000001b130000)]
  0x00000000195ef000 JavaThread "Service Thread" daemon [_thread_blocked, id=7448, stack(0x0000000019c80000,0x0000000019d80000)]
  0x0000000019562800 JavaThread "C1 CompilerThread2" daemon [_thread_blocked, id=13264, stack(0x0000000019b80000,0x0000000019c80000)]
  0x0000000019559000 JavaThread "C2 CompilerThread1" daemon [_thread_blocked, id=12948, stack(0x0000000019a80000,0x0000000019b80000)]
  0x0000000019555800 JavaThread "C2 CompilerThread0" daemon [_thread_blocked, id=8928, stack(0x0000000019980000,0x0000000019a80000)]
  0x00000000194ea000 JavaThread "Monitor Ctrl-Break" daemon [_thread_in_native, id=6368, stack(0x0000000019880000,0x0000000019980000)]
  0x0000000017f30000 JavaThread "Attach Listener" daemon [_thread_blocked, id=10128, stack(0x0000000019380000,0x0000000019480000)]
  0x00000000033fe800 JavaThread "Signal Dispatcher" daemon [_thread_blocked, id=2488, stack(0x0000000019280000,0x0000000019380000)]
  0x00000000033f8800 JavaThread "Finalizer" daemon [_thread_blocked, id=7216, stack(0x0000000019180000,0x0000000019280000)]
  0x0000000017ef9000 JavaThread "Reference Handler" daemon [_thread_blocked, id=12576, stack(0x0000000019080000,0x0000000019180000)]

Other Threads:
  0x0000000017ef8000 VMThread [stack: 0x0000000018f80000,0x0000000019080000] [id=10888]
  0x0000000019632800 WatcherThread [stack: 0x0000000019d80000,0x0000000019e80000] [id=12828]

VM state:not at safepoint (normal execution)

VM Mutex/Monitor currently owned by a thread: None

Heap:
 PSYoungGen      total 26624K, used 10878K [0x00000000d5f00000, 0x00000000d7b80000, 0x0000000100000000)
  eden space 24064K, 42% used [0x00000000d5f00000,0x00000000d68ef9f0,0x00000000d7680000)
  from space 2560K, 27% used [0x00000000d7900000,0x00000000d79b0000,0x00000000d7b80000)
  to   space 2560K, 0% used [0x00000000d7680000,0x00000000d7680000,0x00000000d7900000)
 ParOldGen       total 87552K, used 14775K [0x0000000081c00000, 0x0000000087180000, 0x00000000d5f00000)
  object space 87552K, 16% used [0x0000000081c00000,0x0000000082a6dd58,0x0000000087180000)
 Metaspace       used 6919K, capacity 7019K, committed 7168K, reserved 1056768K
  class space    used 643K, capacity 688K, committed 768K, reserved 1048576K

Card table byte_map: [0x00000000127c0000,0x0000000012bc0000] byte_map_base: 0x00000000123b2000

Marking Bits: (ParMarkBitMap*) 0x000000006c223c10
 Begin Bits: [0x0000000013270000, 0x0000000015200000)
 End Bits:   [0x0000000015200000, 0x0000000017190000)

Polling page: 0x00000000011b0000

CodeCache: size=245760Kb used=3586Kb max_used=3630Kb free=242173Kb
 bounds [0x0000000003400000, 0x00000000037a0000, 0x0000000012400000]
 total_blobs=1239 nmethods=799 adapters=353
 compilation: enabled

Compilation events (10 events):
Event: 148.362 Thread 0x0000000019559000  799       4       com.group11.othello.Game.Othello::render (50 bytes)
Event: 148.376 Thread 0x0000000019559000 nmethod 799 0x000000000375e290 code [0x000000000375e480, 0x000000000375ecf0]
Event: 195.813 Thread 0x0000000019562800  800 %     3       java.lang.ref.Reference$ReferenceHandler::run @ 0 (8 bytes)
Event: 195.814 Thread 0x0000000019562800 nmethod 800% 0x0000000003501210 code [0x0000000003501380, 0x0000000003501568]
Event: 205.667 Thread 0x0000000019562800  801       3       java.lang.ref.Reference$ReferenceHandler::run (8 bytes)
Event: 205.667 Thread 0x0000000019562800 nmethod 801 0x00000000035118d0 code [0x0000000003511a40, 0x0000000003511c28]
Event: 205.680 Thread 0x0000000019562800  802 % !   3       java.lang.ref.Finalizer$FinalizerThread::run @ 33 (55 bytes)
Event: 205.690 Thread 0x0000000019562800 nmethod 802% 0x0000000003736b50 code [0x0000000003736d80, 0x0000000003737a68]
Event: 213.740 Thread 0x0000000019562800  803   !   3       java.lang.ref.Finalizer$FinalizerThread::run (55 bytes)
Event: 213.743 Thread 0x0000000019562800 nmethod 803 0x000000000377b9d0 code [0x000000000377bc00, 0x000000000377c8c8]

GC Heap History (10 events):
Event: 277.174 GC heap before
{Heap before GC invocations=30 (full 0):
 PSYoungGen      total 27136K, used 24768K [0x00000000d5f00000, 0x00000000d7c80000, 0x0000000100000000)
  eden space 24064K, 100% used [0x00000000d5f00000,0x00000000d7680000,0x00000000d7680000)
  from space 3072K, 22% used [0x00000000d7680000,0x00000000d7730000,0x00000000d7980000)
  to   space 3072K, 0% used [0x00000000d7980000,0x00000000d7980000,0x00000000d7c80000)
 ParOldGen       total 87552K, used 13095K [0x0000000081c00000, 0x0000000087180000, 0x00000000d5f00000)
  object space 87552K, 14% used [0x0000000081c00000,0x00000000828c9d58,0x0000000087180000)
 Metaspace       used 6919K, capacity 7019K, committed 7168K, reserved 1056768K
  class space    used 643K, capacity 688K, committed 768K, reserved 1048576K
Event: 277.177 GC heap after
Heap after GC invocations=30 (full 0):
 PSYoungGen      total 27136K, used 736K [0x00000000d5f00000, 0x00000000d7c80000, 0x0000000100000000)
  eden space 24064K, 0% used [0x00000000d5f00000,0x00000000d5f00000,0x00000000d7680000)
  from space 3072K, 23% used [0x00000000d7980000,0x00000000d7a38000,0x00000000d7c80000)
  to   space 3072K, 0% used [0x00000000d7680000,0x00000000d7680000,0x00000000d7980000)
 ParOldGen       total 87552K, used 13423K [0x0000000081c00000, 0x0000000087180000, 0x00000000d5f00000)
  object space 87552K, 15% used [0x0000000081c00000,0x000000008291bd58,0x0000000087180000)
 Metaspace       used 6919K, capacity 7019K, committed 7168K, reserved 1056768K
  class space    used 643K, capacity 688K, committed 768K, reserved 1048576K
}
Event: 284.426 GC heap before
{Heap before GC invocations=31 (full 0):
 PSYoungGen      total 27136K, used 24800K [0x00000000d5f00000, 0x00000000d7c80000, 0x0000000100000000)
  eden space 24064K, 100% used [0x00000000d5f00000,0x00000000d7680000,0x00000000d7680000)
  from space 3072K, 23% used [0x00000000d7980000,0x00000000d7a38000,0x00000000d7c80000)
  to   space 3072K, 0% used [0x00000000d7680000,0x00000000d7680000,0x00000000d7980000)
 ParOldGen       total 87552K, used 13423K [0x0000000081c00000, 0x0000000087180000, 0x00000000d5f00000)
  object space 87552K, 15% used [0x0000000081c00000,0x000000008291bd58,0x0000000087180000)
 Metaspace       used 6919K, capacity 7019K, committed 7168K, reserved 1056768K
  class space    used 643K, capacity 688K, committed 768K, reserved 1048576K
Event: 284.431 GC heap after
Heap after GC invocations=31 (full 0):
 PSYoungGen      total 27136K, used 704K [0x00000000d5f00000, 0x00000000d7c80000, 0x0000000100000000)
  eden space 24064K, 0% used [0x00000000d5f00000,0x00000000d5f00000,0x00000000d7680000)
  from space 3072K, 22% used [0x00000000d7680000,0x00000000d7730000,0x00000000d7980000)
  to   space 3072K, 0% used [0x00000000d7980000,0x00000000d7980000,0x00000000d7c80000)
 ParOldGen       total 87552K, used 13759K [0x0000000081c00000, 0x0000000087180000, 0x00000000d5f00000)
  object space 87552K, 15% used [0x0000000081c00000,0x000000008296fd58,0x0000000087180000)
 Metaspace       used 6919K, capacity 7019K, committed 7168K, reserved 1056768K
  class space    used 643K, capacity 688K, committed 768K, reserved 1048576K
}
Event: 291.450 GC heap before
{Heap before GC invocations=32 (full 0):
 PSYoungGen      total 27136K, used 24768K [0x00000000d5f00000, 0x00000000d7c80000, 0x0000000100000000)
  eden space 24064K, 100% used [0x00000000d5f00000,0x00000000d7680000,0x00000000d7680000)
  from space 3072K, 22% used [0x00000000d7680000,0x00000000d7730000,0x00000000d7980000)
  to   space 3072K, 0% used [0x00000000d7980000,0x00000000d7980000,0x00000000d7c80000)
 ParOldGen       total 87552K, used 13759K [0x0000000081c00000, 0x0000000087180000, 0x00000000d5f00000)
  object space 87552K, 15% used [0x0000000081c00000,0x000000008296fd58,0x0000000087180000)
 Metaspace       used 6919K, capacity 7019K, committed 7168K, reserved 1056768K
  class space    used 643K, capacity 688K, committed 768K, reserved 1048576K
Event: 291.458 GC heap after
Heap after GC invocations=32 (full 0):
 PSYoungGen      total 26112K, used 704K [0x00000000d5f00000, 0x00000000d7b80000, 0x0000000100000000)
  eden space 24064K, 0% used [0x00000000d5f00000,0x00000000d5f00000,0x00000000d7680000)
  from space 2048K, 34% used [0x00000000d7980000,0x00000000d7a30000,0x00000000d7b80000)
  to   space 2560K, 0% used [0x00000000d7680000,0x00000000d7680000,0x00000000d7900000)
 ParOldGen       total 87552K, used 14095K [0x0000000081c00000, 0x0000000087180000, 0x00000000d5f00000)
  object space 87552K, 16% used [0x0000000081c00000,0x00000000829c3d58,0x0000000087180000)
 Metaspace       used 6919K, capacity 7019K, committed 7168K, reserved 1056768K
  class space    used 643K, capacity 688K, committed 768K, reserved 1048576K
}
Event: 298.527 GC heap before
{Heap before GC invocations=33 (full 0):
 PSYoungGen      total 26112K, used 24768K [0x00000000d5f00000, 0x00000000d7b80000, 0x0000000100000000)
  eden space 24064K, 100% used [0x00000000d5f00000,0x00000000d7680000,0x00000000d7680000)
  from space 2048K, 34% used [0x00000000d7980000,0x00000000d7a30000,0x00000000d7b80000)
  to   space 2560K, 0% used [0x00000000d7680000,0x00000000d7680000,0x00000000d7900000)
 ParOldGen       total 87552K, used 14095K [0x0000000081c00000, 0x0000000087180000, 0x00000000d5f00000)
  object space 87552K, 16% used [0x0000000081c00000,0x00000000829c3d58,0x0000000087180000)
 Metaspace       used 6919K, capacity 7019K, committed 7168K, reserved 1056768K
  class space    used 643K, capacity 688K, committed 768K, reserved 1048576K
Event: 298.531 GC heap after
Heap after GC invocations=33 (full 0):
 PSYoungGen      total 26624K, used 672K [0x00000000d5f00000, 0x00000000d7b80000, 0x0000000100000000)
  eden space 24064K, 0% used [0x00000000d5f00000,0x00000000d5f00000,0x00000000d7680000)
  from space 2560K, 26% used [0x00000000d7680000,0x00000000d7728000,0x00000000d7900000)
  to   space 2560K, 0% used [0x00000000d7900000,0x00000000d7900000,0x00000000d7b80000)
 ParOldGen       total 87552K, used 14439K [0x0000000081c00000, 0x0000000087180000, 0x00000000d5f00000)
  object space 87552K, 16% used [0x0000000081c00000,0x0000000082a19d58,0x0000000087180000)
 Metaspace       used 6919K, capacity 7019K, committed 7168K, reserved 1056768K
  class space    used 643K, capacity 688K, committed 768K, reserved 1048576K
}
Event: 305.983 GC heap before
{Heap before GC invocations=34 (full 0):
 PSYoungGen      total 26624K, used 24736K [0x00000000d5f00000, 0x00000000d7b80000, 0x0000000100000000)
  eden space 24064K, 100% used [0x00000000d5f00000,0x00000000d7680000,0x00000000d7680000)
  from space 2560K, 26% used [0x00000000d7680000,0x00000000d7728000,0x00000000d7900000)
  to   space 2560K, 0% used [0x00000000d7900000,0x00000000d7900000,0x00000000d7b80000)
 ParOldGen       total 87552K, used 14439K [0x0000000081c00000, 0x0000000087180000, 0x00000000d5f00000)
  object space 87552K, 16% used [0x0000000081c00000,0x0000000082a19d58,0x0000000087180000)
 Metaspace       used 6919K, capacity 7019K, committed 7168K, reserved 1056768K
  class space    used 643K, capacity 688K, committed 768K, reserved 1048576K
Event: 305.991 GC heap after
Heap after GC invocations=34 (full 0):
 PSYoungGen      total 26624K, used 704K [0x00000000d5f00000, 0x00000000d7b80000, 0x0000000100000000)
  eden space 24064K, 0% used [0x00000000d5f00000,0x00000000d5f00000,0x00000000d7680000)
  from space 2560K, 27% used [0x00000000d7900000,0x00000000d79b0000,0x00000000d7b80000)
  to   space 2560K, 0% used [0x00000000d7680000,0x00000000d7680000,0x00000000d7900000)
 ParOldGen       total 87552K, used 14775K [0x0000000081c00000, 0x0000000087180000, 0x00000000d5f00000)
  object space 87552K, 16% used [0x0000000081c00000,0x0000000082a6dd58,0x0000000087180000)
 Metaspace       used 6919K, capacity 7019K, committed 7168K, reserved 1056768K
  class space    used 643K, capacity 688K, committed 768K, reserved 1048576K
}

Deoptimization events (0 events):
No events

Classes redefined (0 events):
No events

Internal exceptions (10 events):
Event: 1.076 Thread 0x0000000003304000 Exception <a 'java/security/PrivilegedActionException'> (0x00000000d63429e0) thrown at [C:\re\workspace\8-2-build-windows-amd64-cygwin\jdk8u172\10810\hotspot\src\share\vm\prims\jvm.cpp, line 1435]
Event: 1.076 Thread 0x0000000003304000 Exception <a 'java/security/PrivilegedActionException'> (0x00000000d6342bf0) thrown at [C:\re\workspace\8-2-build-windows-amd64-cygwin\jdk8u172\10810\hotspot\src\share\vm\prims\jvm.cpp, line 1435]
Event: 1.077 Thread 0x0000000003304000 Exception <a 'java/security/PrivilegedActionException'> (0x00000000d6346b00) thrown at [C:\re\workspace\8-2-build-windows-amd64-cygwin\jdk8u172\10810\hotspot\src\share\vm\prims\jvm.cpp, line 1435]
Event: 1.077 Thread 0x0000000003304000 Exception <a 'java/security/PrivilegedActionException'> (0x00000000d6346d10) thrown at [C:\re\workspace\8-2-build-windows-amd64-cygwin\jdk8u172\10810\hotspot\src\share\vm\prims\jvm.cpp, line 1435]
Event: 1.328 Thread 0x0000000003304000 Exception <a 'java/security/PrivilegedActionException'> (0x00000000d64e6d08) thrown at [C:\re\workspace\8-2-build-windows-amd64-cygwin\jdk8u172\10810\hotspot\src\share\vm\prims\jvm.cpp, line 1435]
Event: 1.328 Thread 0x0000000003304000 Exception <a 'java/security/PrivilegedActionException'> (0x00000000d64e89e0) thrown at [C:\re\workspace\8-2-build-windows-amd64-cygwin\jdk8u172\10810\hotspot\src\share\vm\prims\jvm.cpp, line 1435]
Event: 1.328 Thread 0x0000000003304000 Exception <a 'java/security/PrivilegedActionException'> (0x00000000d64e9b50) thrown at [C:\re\workspace\8-2-build-windows-amd64-cygwin\jdk8u172\10810\hotspot\src\share\vm\prims\jvm.cpp, line 1435]
Event: 1.328 Thread 0x0000000003304000 Exception <a 'java/security/PrivilegedActionException'> (0x00000000d64ef090) thrown at [C:\re\workspace\8-2-build-windows-amd64-cygwin\jdk8u172\10810\hotspot\src\share\vm\prims\jvm.cpp, line 1435]
Event: 1.329 Thread 0x0000000003304000 Exception <a 'java/security/PrivilegedActionException'> (0x00000000d64efce8) thrown at [C:\re\workspace\8-2-build-windows-amd64-cygwin\jdk8u172\10810\hotspot\src\share\vm\prims\jvm.cpp, line 1435]
Event: 1.329 Thread 0x0000000003304000 Exception <a 'java/security/PrivilegedActionException'> (0x00000000d64f0910) thrown at [C:\re\workspace\8-2-build-windows-amd64-cygwin\jdk8u172\10810\hotspot\src\share\vm\prims\jvm.cpp, line 1435]

Events (10 events):
Event: 277.174 Executing VM operation: ParallelGCFailedAllocation
Event: 277.177 Executing VM operation: ParallelGCFailedAllocation done
Event: 284.426 Executing VM operation: ParallelGCFailedAllocation
Event: 284.431 Executing VM operation: ParallelGCFailedAllocation done
Event: 291.450 Executing VM operation: ParallelGCFailedAllocation
Event: 291.458 Executing VM operation: ParallelGCFailedAllocation done
Event: 298.527 Executing VM operation: ParallelGCFailedAllocation
Event: 298.531 Executing VM operation: ParallelGCFailedAllocation done
Event: 305.983 Executing VM operation: ParallelGCFailedAllocation
Event: 305.992 Executing VM operation: ParallelGCFailedAllocation done


Dynamic libraries:
0x00007ff6f4ed0000 - 0x00007ff6f4f07000 	C:\Program Files\Java\jdk1.8.0_172\bin\java.exe
0x00007fffdd890000 - 0x00007fffdda71000 	C:\WINDOWS\SYSTEM32\ntdll.dll
0x00007fffdd260000 - 0x00007fffdd312000 	C:\WINDOWS\System32\KERNEL32.DLL
0x00007fffda670000 - 0x00007fffda8e3000 	C:\WINDOWS\System32\KERNELBASE.dll
0x00007fffdb210000 - 0x00007fffdb2b1000 	C:\WINDOWS\System32\ADVAPI32.dll
0x00007fffdb4f0000 - 0x00007fffdb58e000 	C:\WINDOWS\System32\msvcrt.dll
0x00007fffdd320000 - 0x00007fffdd37b000 	C:\WINDOWS\System32\sechost.dll
0x00007fffdd590000 - 0x00007fffdd6b4000 	C:\WINDOWS\System32\RPCRT4.dll
0x00007fffdb2c0000 - 0x00007fffdb450000 	C:\WINDOWS\System32\USER32.dll
0x00007fffda8f0000 - 0x00007fffda910000 	C:\WINDOWS\System32\win32u.dll
0x00007fffdb450000 - 0x00007fffdb478000 	C:\WINDOWS\System32\GDI32.dll
0x00007fffdab80000 - 0x00007fffdad12000 	C:\WINDOWS\System32\gdi32full.dll
0x00007fffd9e70000 - 0x00007fffd9f0f000 	C:\WINDOWS\System32\msvcp_win.dll
0x00007fffd9d70000 - 0x00007fffd9e6a000 	C:\WINDOWS\System32\ucrtbase.dll
0x00007fffc1b70000 - 0x00007fffc1dd9000 	C:\WINDOWS\WinSxS\amd64_microsoft.windows.common-controls_6595b64144ccf1df_6.0.17134.407_none_fb449d63306391e9\COMCTL32.dll
0x00007fffdb6f0000 - 0x00007fffdba12000 	C:\WINDOWS\System32\combase.dll
0x00007fffdab00000 - 0x00007fffdab7a000 	C:\WINDOWS\System32\bcryptPrimitives.dll
0x00007fffdb4a0000 - 0x00007fffdb4cd000 	C:\WINDOWS\System32\IMM32.DLL
0x000000006c2b0000 - 0x000000006c382000 	C:\Program Files\Java\jdk1.8.0_172\jre\bin\msvcr100.dll
0x000000006ba00000 - 0x000000006c2a3000 	C:\Program Files\Java\jdk1.8.0_172\jre\bin\server\jvm.dll
0x00007fffdd7f0000 - 0x00007fffdd7f8000 	C:\WINDOWS\System32\PSAPI.DLL
0x00007fffd87a0000 - 0x00007fffd87a9000 	C:\WINDOWS\SYSTEM32\WSOCK32.dll
0x00007fffd5ad0000 - 0x00007fffd5af3000 	C:\WINDOWS\SYSTEM32\WINMM.dll
0x00007fffdd380000 - 0x00007fffdd3ec000 	C:\WINDOWS\System32\WS2_32.dll
0x00007fffcae40000 - 0x00007fffcae4a000 	C:\WINDOWS\SYSTEM32\VERSION.dll
0x00007fffd5aa0000 - 0x00007fffd5aca000 	C:\WINDOWS\SYSTEM32\WINMMBASE.dll
0x00007fffd9f10000 - 0x00007fffd9f59000 	C:\WINDOWS\System32\cfgmgr32.dll
0x000000006b9f0000 - 0x000000006b9ff000 	C:\Program Files\Java\jdk1.8.0_172\jre\bin\verify.dll
0x000000006b9c0000 - 0x000000006b9e9000 	C:\Program Files\Java\jdk1.8.0_172\jre\bin\java.dll
0x000000006b970000 - 0x000000006b993000 	C:\Program Files\Java\jdk1.8.0_172\jre\bin\instrument.dll
0x000000006b9a0000 - 0x000000006b9b6000 	C:\Program Files\Java\jdk1.8.0_172\jre\bin\zip.dll
0x00007fffdbe20000 - 0x00007fffdd25f000 	C:\WINDOWS\System32\SHELL32.dll
0x00007fffdbd10000 - 0x00007fffdbdb9000 	C:\WINDOWS\System32\shcore.dll
0x00007fffd9f60000 - 0x00007fffda66d000 	C:\WINDOWS\System32\windows.storage.dll
0x00007fffdbdc0000 - 0x00007fffdbe11000 	C:\WINDOWS\System32\shlwapi.dll
0x00007fffd9bc0000 - 0x00007fffd9bd1000 	C:\WINDOWS\System32\kernel.appcore.dll
0x00007fffd9ba0000 - 0x00007fffd9bbf000 	C:\WINDOWS\System32\profapi.dll
0x00007fffd9be0000 - 0x00007fffd9c2c000 	C:\WINDOWS\System32\powrprof.dll
0x00007fffd9c30000 - 0x00007fffd9c3a000 	C:\WINDOWS\System32\FLTLIB.DLL
0x00007fffc9850000 - 0x00007fffc986a000 	C:\Program Files\JetBrains\IntelliJ IDEA 2018.1\bin\breakgen64.dll
0x000000006b950000 - 0x000000006b96a000 	C:\Program Files\Java\jdk1.8.0_172\jre\bin\net.dll
0x00007fffd9420000 - 0x00007fffd9486000 	C:\WINDOWS\system32\mswsock.dll
0x0000000065580000 - 0x0000000065616000 	C:\Users\Andreas\AppData\Local\Temp\libgdxAndreas\40f0d13c\gdx64.dll
0x00007fffd95e0000 - 0x00007fffd95f7000 	C:\WINDOWS\SYSTEM32\CRYPTSP.dll
0x00007fffd9000000 - 0x00007fffd9033000 	C:\WINDOWS\system32\rsaenh.dll
0x00007fffd9700000 - 0x00007fffd9725000 	C:\WINDOWS\SYSTEM32\bcrypt.dll
0x00007fffd9aa0000 - 0x00007fffd9ac8000 	C:\WINDOWS\SYSTEM32\USERENV.dll
0x00007fffd95d0000 - 0x00007fffd95db000 	C:\WINDOWS\SYSTEM32\CRYPTBASE.dll
0x00007fffd91a0000 - 0x00007fffd91d8000 	C:\WINDOWS\SYSTEM32\IPHLPAPI.DLL
0x00007fffdb4e0000 - 0x00007fffdb4e8000 	C:\WINDOWS\System32\NSI.dll
0x00007fffcf8a0000 - 0x00007fffcf8b6000 	C:\WINDOWS\SYSTEM32\dhcpcsvc6.DLL
0x00007fffcf780000 - 0x00007fffcf79a000 	C:\WINDOWS\SYSTEM32\dhcpcsvc.DLL
0x000000006b930000 - 0x000000006b941000 	C:\Program Files\Java\jdk1.8.0_172\jre\bin\nio.dll
0x0000000180000000 - 0x0000000180053000 	C:\Users\Andreas\AppData\Local\Temp\libgdxAndreas\dc0f0009\lwjgl64.dll
0x00007fffc7710000 - 0x00007fffc7830000 	C:\WINDOWS\SYSTEM32\OPENGL32.dll
0x00007fffcd6a0000 - 0x00007fffcd6cc000 	C:\WINDOWS\SYSTEM32\GLU32.dll
0x000000001a1e0000 - 0x000000001a244000 	C:\Users\Andreas\AppData\Local\Temp\libgdxAndreas\dc0f0009\OpenAL64.dll
0x00007fffdb590000 - 0x00007fffdb6e1000 	C:\WINDOWS\System32\ole32.dll
0x00007fffd7590000 - 0x00007fffd7628000 	C:\WINDOWS\system32\uxtheme.dll
0x00007fffdad20000 - 0x00007fffdadc0000 	C:\WINDOWS\System32\clbcatq.dll
0x00007fffd78c0000 - 0x00007fffd7a74000 	C:\WINDOWS\System32\PROPSYS.dll
0x00007fffdd6c0000 - 0x00007fffdd782000 	C:\WINDOWS\System32\OLEAUT32.dll
0x00007fffd43a0000 - 0x00007fffd442f000 	C:\WINDOWS\SYSTEM32\dsound.dll
0x00007fffcf2b0000 - 0x00007fffcf326000 	C:\WINDOWS\System32\MMDevApi.dll
0x00007fffd99b0000 - 0x00007fffd99d7000 	C:\WINDOWS\System32\DEVOBJ.dll
0x00007fffbbe00000 - 0x00007fffbbf2c000 	C:\WINDOWS\SYSTEM32\AUDIOSES.DLL
0x00007fffd5450000 - 0x00007fffd559d000 	C:\WINDOWS\SYSTEM32\wintypes.dll
0x00007fffd4010000 - 0x00007fffd401a000 	C:\WINDOWS\SYSTEM32\AVRT.dll
0x00007fffdbb90000 - 0x00007fffdbd03000 	C:\WINDOWS\System32\MSCTF.dll
0x00007fffd7f60000 - 0x00007fffd7f89000 	C:\WINDOWS\system32\dwmapi.dll
0x00007fffc3d70000 - 0x00007fffc3e06000 	C:\WINDOWS\System32\TextInputFramework.dll
0x00007fffd3b20000 - 0x00007fffd3e3e000 	C:\WINDOWS\System32\CoreUIComponents.dll
0x00007fffd70e0000 - 0x00007fffd71ba000 	C:\WINDOWS\System32\CoreMessaging.dll
0x00007fffd8c90000 - 0x00007fffd8cc1000 	C:\WINDOWS\SYSTEM32\ntmarta.dll
0x00007fff9ae70000 - 0x00007fff9bbba000 	C:\WINDOWS\System32\DriverStore\FileRepository\igdlh64.inf_amd64_463164d40c3d26ce\ig9icd64.dll
0x00007fffd8780000 - 0x00007fffd8793000 	C:\WINDOWS\SYSTEM32\WTSAPI32.dll
0x00007fffcc670000 - 0x00007fffcc718000 	C:\WINDOWS\SYSTEM32\mscms.dll
0x00007fffd2e20000 - 0x00007fffd2e30000 	C:\WINDOWS\SYSTEM32\ColorAdapterClient.dll
0x00007fffc2a50000 - 0x00007fffc2a93000 	C:\WINDOWS\SYSTEM32\icm32.dll
0x00007fffcf900000 - 0x00007fffd0a5d000 	C:\WINDOWS\System32\DriverStore\FileRepository\igdlh64.inf_amd64_463164d40c3d26ce\igc64.dll
0x00007fffd8960000 - 0x00007fffd8a1b000 	C:\WINDOWS\SYSTEM32\dxgi.dll
0x00007fffd6320000 - 0x00007fffd662b000 	C:\WINDOWS\SYSTEM32\d3d11.dll
0x00007fffd1790000 - 0x00007fffd2d0c000 	C:\WINDOWS\System32\DriverStore\FileRepository\igdlh64.inf_amd64_463164d40c3d26ce\igd10iumd64.dll
0x00007fffd96d0000 - 0x00007fffd96f6000 	C:\WINDOWS\SYSTEM32\ncrypt.dll
0x00007fffd9690000 - 0x00007fffd96c6000 	C:\WINDOWS\SYSTEM32\NTASN1.dll

VM Arguments:
jvm_args: -javaagent:C:\Program Files\JetBrains\IntelliJ IDEA 2018.1\lib\idea_rt.jar=54121:C:\Program Files\JetBrains\IntelliJ IDEA 2018.1\bin -Dfile.encoding=UTF-8 
java_command: com.group11.othello.desktop.DesktopLauncher
java_class_path (initial): C:\Program Files\Java\jdk1.8.0_172\jre\lib\charsets.jar;C:\Program Files\Java\jdk1.8.0_172\jre\lib\deploy.jar;C:\Program Files\Java\jdk1.8.0_172\jre\lib\ext\access-bridge-64.jar;C:\Program Files\Java\jdk1.8.0_172\jre\lib\ext\cldrdata.jar;C:\Program Files\Java\jdk1.8.0_172\jre\lib\ext\dnsns.jar;C:\Program Files\Java\jdk1.8.0_172\jre\lib\ext\jaccess.jar;C:\Program Files\Java\jdk1.8.0_172\jre\lib\ext\jfxrt.jar;C:\Program Files\Java\jdk1.8.0_172\jre\lib\ext\localedata.jar;C:\Program Files\Java\jdk1.8.0_172\jre\lib\ext\nashorn.jar;C:\Program Files\Java\jdk1.8.0_172\jre\lib\ext\sunec.jar;C:\Program Files\Java\jdk1.8.0_172\jre\lib\ext\sunjce_provider.jar;C:\Program Files\Java\jdk1.8.0_172\jre\lib\ext\sunmscapi.jar;C:\Program Files\Java\jdk1.8.0_172\jre\lib\ext\sunpkcs11.jar;C:\Program Files\Java\jdk1.8.0_172\jre\lib\ext\zipfs.jar;C:\Program Files\Java\jdk1.8.0_172\jre\lib\javaws.jar;C:\Program Files\Java\jdk1.8.0_172\jre\lib\jce.jar;C:\Program Files\Java\jdk1.8.0_172\jre\lib\jfr.jar;C:\Program Files\Java\jdk1.8.0_172\jre\lib\jfxswt.jar;C:\Program Files\Java\jdk1.8.0_172\jre\lib\jsse.jar;C:\Program Files\Java\jdk1.8.0_172\jre\lib\management-agent.jar;C:\Program Files\Java\jdk1.8.0_172\jre\lib\plugin.jar;C:\Program Files\Java\jdk1.8.0_172\jre\lib\resources.jar;C:\Program Files\Java\jdk1.8.0_172\jre\lib\rt.jar;C:\Users\Andreas\IdeaProjects\Project1.2\Othello\Othello\othello\desktop\out\production\classes;C:\Users\Andreas\IdeaProjects\Project1.2\Othello\Othello\othello\core\out\production\classes;C:\Users\Andreas\.gradle\caches\modules-2\files-2.1\com.badlogicgames.gdx\gdx\1.6.1\bb5fe9832bcfe4bbc1de6bd357085b8a2a845d9c\gdx-1.6.1.jar;C:\Users\Andreas\.gradle\caches\modules-2\files-2.1\com.badlogicgames.gdx\gdx-box2d\1.6.1\54d45169ae4f97d6ae4fe9daed87d80eea700f67\gdx-box2d-1.6.1.jar;C:\Users\Andreas\.gradle\caches\modules-2\files-2.1\com.badlogicgames.gdx\gdx-backend-lwjgl\1.6.1\e3208559223c991f1db7220d5ddf3e5a12e5528f\gdx-backend-lwjgl-1.6.1.jar;C:\
Launcher Type: SUN_STANDARD

Environment Variables:
PATH=C:\Program Files (x86)\Common Files\Oracle\Java\javapath;C:\Program Files (x86)\NVIDIA Corporation\PhysX\Common;C:\ProgramData\Oracle\Java\javapath;C:\Program Files (x86)\Intel\iCLS Client\;C:\Program Files\Intel\iCLS Client\;C:\WINDOWS\system32;C:\WINDOWS;C:\WINDOWS\System32\Wbem;C:\WINDOWS\System32\WindowsPowerShell\v1.0\;C:\Program Files (x86)\Intel\Intel(R) Management Engine Components\DAL;C:\Program Files\Intel\Intel(R) Management Engine Components\DAL;C:\Program Files (x86)\Intel\Intel(R) Management Engine Components\IPT;C:\Program Files\Intel\Intel(R) Management Engine Components\IPT;C:\Program Files\Git\cmd;C:\WINDOWS\System32\OpenSSH\;C:\Program Files\Intel\WiFi\bin\;C:\Program Files\Common Files\Intel\WirelessCommon\;C:\Program Files\Java\jdk1.8.0_144\bin;%USERPROFILE%\AppData\Local\Microsoft\WindowsApps;C:\Users\Andreas\Desktop\New folder\miktex\bin\x64\
USERNAME=Andreas
OS=Windows_NT
PROCESSOR_IDENTIFIER=Intel64 Family 6 Model 142 Stepping 9, GenuineIntel



---------------  S Y S T E M  ---------------

OS: Windows 10.0 , 64 bit Build 17134 (10.0.17134.1)

CPU:total 4 (initial active 4) (2 cores per cpu, 2 threads per core) family 6 model 142 stepping 9, cmov, cx8, fxsr, mmx, sse, sse2, sse3, ssse3, sse4.1, sse4.2, popcnt, avx, avx2, aes, clmul, erms, 3dnowpref, lzcnt, ht, tsc, tscinvbit, bmi1, bmi2, adx

Memory: 4k page, physical 8266412k(630648k free), swap 33432236k(772k free)

vm_info: Java HotSpot(TM) 64-Bit Server VM (25.172-b11) for windows-amd64 JRE (1.8.0_172-b11), built on Mar 28 2018 21:21:52 by "java_re" with MS VC++ 10.0 (VS2010)

time: Mon Nov 26 16:58:42 2018
elapsed time: 309 seconds (0d 0h 5m 9s)

